*** Error 18 "main.c" Line 40(10,46): File can not be opened
    Not in local "main.h"
    Not in local "C:\Users\HP_\Desktop\Proyectos-EDU-CIAA\Ejemplos_sapi_jony\ej02_sapi_bm_blinky\src\main.h"
    Not in last "main.h"
    Not in project "C:\Users\HP_\Desktop\Proyectos-EDU-CIAA\Ejemplos_sapi_jony\ej02_sapi_bm_blinky\src\main.h"
    Not in ";C:\Program Files (x86)\PICC\Devices\main.h"
    Not in "C:\Program Files (x86)\PICC\Drivers\main.h"
*** Error 18 "main.c" Line 42(10,47): File can not be opened
    Not in local "sAPI.h"
    Not in local "C:\Users\HP_\Desktop\Proyectos-EDU-CIAA\Ejemplos_sapi_jony\ej02_sapi_bm_blinky\src\sAPI.h"
    Not in last "sAPI.h"
    Not in project "C:\Users\HP_\Desktop\Proyectos-EDU-CIAA\Ejemplos_sapi_jony\ej02_sapi_bm_blinky\src\sAPI.h"
    Not in ";C:\Program Files (x86)\PICC\Devices\sAPI.h"
    Not in "C:\Program Files (x86)\PICC\Drivers\sAPI.h"
*** Error 128 "main.c" Line 42(10,17): A #DEVICE required before this line
*** Error 12 "main.c" Line 64(15,16): Undefined identifier  -- boardConfig
*** Error 12 "main.c" Line 67(14,15): Undefined identifier  -- tickConfig
*** Error 12 "main.c" Line 70(17,18): Undefined identifier  -- digitalConfig
*** Error 12 "main.c" Line 73(17,18): Undefined identifier  -- digitalConfig
*** Error 12 "main.c" Line 74(17,18): Undefined identifier  -- digitalConfig
*** Error 12 "main.c" Line 75(17,18): Undefined identifier  -- digitalConfig
*** Error 12 "main.c" Line 76(17,18): Undefined identifier  -- digitalConfig
*** Error 12 "main.c" Line 79(17,18): Undefined identifier  -- digitalConfig
*** Error 12 "main.c" Line 80(17,18): Undefined identifier  -- digitalConfig
*** Error 12 "main.c" Line 81(17,18): Undefined identifier  -- digitalConfig
*** Error 12 "main.c" Line 82(17,18): Undefined identifier  -- digitalConfig
*** Error 12 "main.c" Line 83(17,18): Undefined identifier  -- digitalConfig
*** Error 12 "main.c" Line 84(17,18): Undefined identifier  -- digitalConfig
*** Error 12 "main.c" Line 87(4,10): Undefined identifier   bool_t
*** Error 12 "main.c" Line 93(19,20): Undefined identifier  -- digitalWrite
*** Error 12 "main.c" Line 94(13,14): Undefined identifier  -- delay
*** Error 12 "main.c" Line 95(19,20): Undefined identifier  -- digitalWrite
*** Error 12 "main.c" Line 96(12,13): Undefined identifier  -- delay
*** Error 12 "main.c" Line 97(19,20): Undefined identifier  -- digitalWrite
*** Error 12 "main.c" Line 98(12,13): Undefined identifier  -- delay
*** Error 12 "main.c" Line 99(19,20): Undefined identifier  -- digitalWrite
*** Error 12 "main.c" Line 101(12,13): Undefined identifier  -- delay
*** Error 12 "main.c" Line 104(19,20): Undefined identifier  -- digitalWrite
*** Error 12 "main.c" Line 105(13,14): Undefined identifier  -- delay
*** Error 12 "main.c" Line 106(19,20): Undefined identifier  -- digitalWrite
*** Error 12 "main.c" Line 107(13,14): Undefined identifier  -- delay
*** Error 12 "main.c" Line 108(19,20): Undefined identifier  -- digitalWrite
*** Error 12 "main.c" Line 109(13,14): Undefined identifier  -- delay
*** Error 12 "main.c" Line 110(19,20): Undefined identifier  -- digitalWrite
*** Error 12 "main.c" Line 112(12,13): Undefined identifier  -- delay
